make all --print-data-base --no-builtin-variables --no-builtin-rules --question
# GNU Make 4.3
# Built for x86_64-redhat-linux-gnu
# Copyright (C) 1988-2020 Free Software Foundation, Inc.
# License GPLv3+: GNU GPL version 3 or later <http://gnu.org/licenses/gpl.html>
# This is free software: you are free to change and redistribute it.
# There is NO WARRANTY, to the extent permitted by law.

# Make data base, printed on Fri Aug 26 14:26:17 2022

# Variables

# environment
GDK_BACKEND = x11
# environment
LC_ALL = C
# environment
NO_AT_BRIDGE = 1
# environment
GJS_DEBUG_OUTPUT = stderr
# environment
VSCODE_CWD = /home/gil-laptop
# environment
 
GDM_LANG = en_US.UTF-8
# default
MAKE_COMMAND := make
# environment
define BASH_FUNC_which%%
() {  ( alias;
 eval ${which_declare} ) | /usr/bin/which --tty-only --read-alias --read-functions --show-tilde --show-dot $@
}
endef
# automatic
@D = $(patsubst %/,%,$(dir $@))
# environment
VSCODE_HANDLES_UNCAUGHT_ERRORS = true
# default
.VARIABLES := 
# environment
PWD = /home/gil-laptop/Documents/VsCode/maman14 Final/maman14 Final
# automatic
%D = $(patsubst %/,%,$(dir $%))
# environment
HOSTNAME = Gil-Laptop
# environment
MAIL = /var/spool/mail/gil-laptop
# environment
XDG_DATA_DIRS = /home/gil-laptop/.local/share/flatpak/exports/share:/var/lib/flatpak/exports/share:/usr/local/share/:/usr/share/
# automatic
^D = $(patsubst %/,%,$(dir $^))
# automatic
%F = $(notdir $%)
# environment
VSCODE_CODE_CACHE_PATH = /home/gil-laptop/.config/Code/CachedData/e4503b30fc78200f846c62cf8091b76ff5547662
# environment
LANG = C
# environment
XAUTHORITY = /run/user/1000/.mutter-Xwaylandauth.R58MR1
# default
.LOADED := 
# default
.INCLUDE_DIRS = /usr/include /usr/local/include /usr/include
# makefile
MAKEFLAGS = pqrR
# makefile
CURDIR := /home/gil-laptop/Documents/VsCode/maman14 Final/maman14 Final
# environment
APPLICATION_INSIGHTS_NO_DIAGNOSTIC_CHANNEL = true
# environment
LESSOPEN = ||/usr/bin/lesspipe.sh %s
# automatic
*D = $(patsubst %/,%,$(dir $*))
# environment
MFLAGS = -pqrR
# environment
SSH_AUTH_SOCK = /run/user/1000/keyring/ssh
# default
.SHELLFLAGS := -c
# environment
WAYLAND_DISPLAY = wayland-0
# environment
HISTSIZE = 1000
# automatic
+D = $(patsubst %/,%,$(dir $+))
# environment
XDG_SESSION_DESKTOP = gnome
# makefile (from 'makefile', line 1)
MAKEFILE_LIST := makefile
# automatic
@F = $(notdir $@)
# environment
VSCODE_PID = 10120
# environment
XDG_SESSION_TYPE = wayland
# automatic
?D = $(patsubst %/,%,$(dir $?))
# environment
SESSION_MANAGER = local/unix:@/tmp/.ICE-unix/1466,unix/unix:/tmp/.ICE-unix/1466
# automatic
*F = $(notdir $*)
# environment
CHROME_DESKTOP = code-url-handler.desktop
# environment
DBUS_SESSION_BUS_ADDRESS = unix:path=/run/user/1000/bus
# automatic
<D = $(patsubst %/,%,$(dir $<))
# environment
VSCODE_NLS_CONFIG = {"locale":"en-us","availableLanguages":{},"_languagePackSupport":true}
# default
MAKE_HOST := x86_64-redhat-linux-gnu
# makefile
SHELL = /bin/sh
# default
MAKECMDGOALS := all
# environment
XMODIFIERS = @im=ibus
# environment
GJS_DEBUG_TOPICS = JS ERROR;JS LOG
# environment
SHLVL = 0
# environment
MAKELEVEL := 0
# default
MAKE = $(MAKE_COMMAND)
# environment
PATH = /home/gil-laptop/.local/bin:/home/gil-laptop/bin:/usr/local/bin:/usr/local/sbin:/usr/bin:/usr/sbin
# environment
MOZ_GMP_PATH = /usr/lib64/mozilla/plugins/gmp-gmpopenh264/system-installed
# default
MAKEFILES := 
# automatic
^F = $(notdir $^)
# environment
INVOCATION_ID = 08c1de26c7bb4e778f2ed3dc648b5e4c
# environment
USERNAME = gil-laptop
# environment
GNOME_SETUP_DISPLAY = :1
# automatic
?F = $(notdir $?)
# environment
XDG_CURRENT_DESKTOP = GNOME
# automatic
+F = $(notdir $+)
# environment
DESKTOP_SESSION = gnome
# environment
ORIGINAL_XDG_CURRENT_DESKTOP = GNOME
# 'override' directive
GNUMAKEFLAGS := 
# environment
LOGNAME = gil-laptop
# environment
GIO_LAUNCHED_DESKTOP_FILE = /usr/share/applications/code.desktop
# makefile
.DEFAULT_GOAL := all
# environment
SYSTEMD_EXEC_PID = 1513
# environment
HISTCONTROL = ignoredups
# environment
EDITOR = /usr/bin/nano
# environment
DISPLAY = :0
# environment
USER = gil-laptop
# default
MAKE_VERSION := 4.3
# environment
MANAGERPID = 1400
# environment
which_declare = declare -f
# environment
DEBUGINFOD_URLS = https://debuginfod.fedoraproject.org/ 
# environment
GIO_LAUNCHED_DESKTOP_FILE_PID = 10120
# environment
_ = /usr/bin/make
# environment
XDG_RUNTIME_DIR = /run/user/1000
# environment
JOURNAL_STREAM = 8:30828
# environment
XDG_SESSION_CLASS = user
# environment
VSCODE_AMD_ENTRYPOINT = vs/workbench/api/node/extensionHostProcess
# environment
HOME = /home/gil-laptop
# environment
QT_IM_MODULE = ibus
# environment
ELECTRON_RUN_AS_NODE = 1
# environment
VSCODE_IPC_HOOK = /run/user/1000/vscode-f229a82a-1.70.2-main.sock
# default
.RECIPEPREFIX := 
# automatic
<F = $(notdir $<)
# default
SUFFIXES := 
# default
.FEATURES := target-specific order-only second-expansion else-if shortest-stem undefine oneshell nocomment grouped-target extra-prereqs archives jobserver output-sync check-symlink guile load
# environment
XDG_MENU_PREFIX = gnome-
# environment
GDMSESSION = gnome
# variable set hash-table stats:
# Load=95/1024=9%, Rehash=0, Collisions=2/128=2%

# Pattern-specific Variable Values

# No pattern-specific variable values.

# Directories

# . (device 41, inode 66446): 32 files, no impossibilities.

# 32 files, no impossibilities in 1 directories.

# Implicit Rules

# No implicit rules.

# Files

my_assembler.o: my_assembler.c
#  Implicit rule search has not been done.
#  Modification time never checked.
#  File has not been updated.
#  recipe to execute (from 'makefile', line 7):
	gcc -Wall -ansi -pedantic my_assembler.c -c -o  my_assembler.o

# Not a target:
reserv_table.c:
#  Implicit rule search has not been done.
#  Modification time never checked.
#  File has not been updated.
 

# Not a target:
cmd_list.c:
#  Implicit rule search has not been done.
#  Modification time never checked.
#  File has not been updated.

myhash.o: myhash.c
#  Implicit rule search has not been done.
#  Modification time never checked.
#  File has not been updated.
#  recipe to execute (from 'makefile', line 35):
	gcc -Wall -ansi -pedantic myhash.c -c -o  myhash.o

# Not a target:
str_util.c:
#  Implicit rule search has not been done.
#  Modification time never checked.
#  File has not been updated.

# Not a target:
pre_prossesor.c:
#  Implicit rule search has not been done.
#  Modification time never checked.
#  File has not been updated.

reserv_table.o: reserv_table.c
#  Implicit rule search has not been done.
#  Modification time never checked.
#  File has not been updated.
#  recipe to execute (from 'makefile', line 23):
	cc -Wall -ansi -pedantic reserv_table.c -c -o  reserv_table.o

# Not a target:
macro_map.c:
#  Implicit rule search has not been done.
#  Modification time never checked.
#  File has not been updated.

str_util.o: str_util.c
#  Implicit rule search has not been done.
#  Modification time never checked.
#  File has not been updated.
#  recipe to execute (from 'makefile', line 18):
	gcc -Wall -ansi -pedantic str_util.c -c -o  str_util.o

my_assembler: mylist.o myhash.o my_assembler.o str_util.o assembler_util.o symbol_table.o cmd_list.o macro_map.o pre_prossesor.o reserv_table.o
#  Implicit rule search has not been done.
#  Last modified 2022-08-26 11:14:00
#  File has been updated.
#  Needs to be updated (-q is set).
# variable set hash-table stats:
# Load=0/32=0%, Rehash=0, Collisions=0/3=0%
#  recipe to execute (from 'makefile', line 4):
	gcc -Wall -ansi -pedantic mylist.o myhash.o my_assembler.o str_util.o  assembler_util.o symbol_table.o cmd_list.o macro_map.o pre_prossesor.o reserv_table.o -o my_assembler

assembler_util.o: assembler_util.c
#  Implicit rule search has not been done.
#  Modification time never checked.
#  File has not been updated.
#  recipe to execute (from 'makefile', line 15):
	cc -Wall -ansi -pedantic assembler_util.c -c -o  assembler_util.o

symbol_table.o: symbol_table.c
#  Implicit rule search has not been done.
#  Modification time never checked.
#  File has not been updated.
#  recipe to execute (from 'makefile', line 26):
	cc -Wall -ansi -pedantic symbol_table.c -c -o  symbol_table.o

pre_prossesor.o: pre_prossesor.c
#  Implicit rule search has not been done.
#  Modification time never checked.
#  File has not been updated.
#  recipe to execute (from 'makefile', line 10):
	gcc -Wall -ansi -pedantic pre_prossesor.c -c -o  pre_prossesor.o

# Not a target:
my_assembler.c:
#  Implicit rule search has not been done.
#  Modification time never checked.
 
#  File has not been updated.

# Not a target:
.DEFAULT:
#  Implicit rule search has not been done.
#  Modification time never checked.
#  File has not been updated.

all: my_assembler
#  Command line target.
#  Implicit rule search has been done.
#  File does not exist.
#  File has been updated.
#  Needs to be updated (-q is set).
# variable set hash-table stats:
# Load=0/32=0%, Rehash=0, Collisions=0/3=0%

# Not a target:
myhash.c:
#  Implicit rule search has not been done.
#  Modification time never checked.
#  File has not been updated.

mylist.o: mylist.c
#  Implicit rule search has not been done.
#  Implicit/static pattern stem: ''
#  File does not exist.
#  File has been updated.
#  Needs to be updated (-q is set).
# automatic
# @ := mylist.o
# automatic
# * := 
# automatic
# < := mylist.c
# automatic
# + := mylist.c
# automatic
# % := 
# automatic
# ^ := mylist.c
# automatic
# ? := mylist.c
# automatic
# | := 
# variable set hash-table stats:
# Load=8/32=25%, Rehash=0, Collisions=1/11=9%
#  recipe to execute (from 'makefile', line 38):
	gcc -Wall -ansi -pedantic mylist.c -c -o  mylist.o

cmd_list.o: cmd_list.c
#  Implicit rule search has not been done.
#  Modification time never checked.
#  File has not been updated.
#  recipe to execute (from 'makefile', line 32):
	cc -Wall -ansi -pedantic cmd_list.c -c -o  cmd_list.o

macro_map.o: macro_map.c
#  Implicit rule search has not been done.
#  Modification time never checked.
#  File has not been updated.
 
#  recipe to execute (from 'makefile', line 29):
	cc -Wall -ansi -pedantic macro_map.c -c -o  macro_map.o

# Not a target:
makefile:
#  Implicit rule search has been done.
#  Last modified 2022-08-26 11:14:00
#  File has been updated.
#  Successfully updated.

# Not a target:
mylist.c:
#  Implicit rule search has been done.
#  Last modified 2022-08-26 11:14:00
#  File has been updated.
#  Successfully updated.

# Not a target:
.SUFFIXES:
#  Implicit rule search has not been done.
#  Modification time never checked.
#  File has not been updated.

# Not a target:
symbol_table.c:
#  Implicit rule search has not been done.
#  Modification time never checked.
#  File has not been updated.

# Not a target:
assembler_util.c:
#  Implicit rule search has not been done.
#  Modification time never checked.
#  File has not been updated.

# files hash-table stats:
# Load=25/1024=2%, Rehash=0, Collisions=0/69=0%
# VPATH Search Paths

# No 'vpath' search paths.

# No general ('VPATH' variable) search path.

# strcache buffers: 1 (0) / strings = 47 / storage = 558 B / avg = 11 B
# current buf: size = 8162 B / used = 558 B / count = 47 / avg = 11 B

# strcache performance: lookups = 87 / hit rate = 45%
 
# hash-table stats:
# Load=47/8192=1%, Rehash=0, Collisions=0/87=0%
# Finished Make data base on Fri Aug 26 14:26:17 2022

 
